<?xml version="1.0" encoding="UTF-8"?>
<!-- Generated by org.testng.reporters.JUnitReportReporter -->
<testsuite hostname="DESKTOP-MQ34259" failures="0" tests="1" name="TEST_CASES66.Nationality666" time="13.308" errors="0" timestamp="2023-07-11T12:54:40 IST" skipped="0">
  <testcase classname="TEST_CASES66.Nationality666" name="M1" time="13.308"/>
  <system-out/>
</testsuite> <!-- TEST_CASES66.Nationality666 -->
