<?xml version="1.0" encoding="UTF-8"?>
<!-- Generated by org.testng.reporters.JUnitReportReporter -->
<testsuite hostname="DESKTOP-MQ34259" failures="0" tests="1" name="TEST_CASES66.HybridNation" time="14.343" errors="0" timestamp="2023-07-11T23:26:20 IST" skipped="0">
  <testcase classname="TEST_CASES66.HybridNation" name="M1" time="14.343"/>
</testsuite> <!-- TEST_CASES66.HybridNation -->
